<?xml version="1.0" encoding="UTF-8"?>
<!-- Generated by org.testng.reporters.JUnitReportReporter -->
<testsuite skipped="0" hostname="Saini" name="com.flavorwiki.com.testCases.VerifyMenus" tests="1" failures="0" timestamp="18 Mar 2020 18:22:00 GMT" time="37.034" errors="0">
  <testcase name="verifyMenuItems" time="37.034" classname="com.flavorwiki.com.testCases.VerifyMenus"/>
</testsuite> <!-- com.flavorwiki.com.testCases.VerifyMenus -->
