<?xml version="1.0" encoding="UTF-8"?>
<!-- Generated by org.testng.reporters.JUnitReportReporter -->
<testsuite skipped="0" hostname="Saini" name="com.flavorwiki.com.testCases.VerifyQRCodes" tests="1" failures="0" timestamp="18 Mar 2020 03:33:11 GMT" time="50.002" errors="0">
  <testcase name="verifyQRCodeGenrated" time="50.002" classname="com.flavorwiki.com.testCases.VerifyQRCodes"/>
</testsuite> <!-- com.flavorwiki.com.testCases.VerifyQRCodes -->
