<?xml version="1.0" encoding="UTF-8"?>
<!-- Generated by org.testng.reporters.JUnitReportReporter -->
<testsuite skipped="0" hostname="Saini" name="com.flavorwiki.com.testCases.VerfiyCreateSurvey" tests="1" failures="0" timestamp="18 Mar 2020 03:33:11 GMT" time="105.247" errors="0">
  <testcase name="createSurvey" time="105.247" classname="com.flavorwiki.com.testCases.VerfiyCreateSurvey"/>
</testsuite> <!-- com.flavorwiki.com.testCases.VerfiyCreateSurvey -->
