<?xml version="1.0" encoding="UTF-8"?>
<!-- Generated by org.testng.reporters.JUnitReportReporter -->
<testsuite skipped="0" hostname="Saini" name="com.flavorwiki.com.testCases.VerifyMenus" tests="1" failures="0" timestamp="18 Mar 2020 16:17:16 GMT" time="43.344" errors="0">
  <testcase name="verifyMenuItems" time="43.344" classname="com.flavorwiki.com.testCases.VerifyMenus"/>
</testsuite> <!-- com.flavorwiki.com.testCases.VerifyMenus -->
